<?xml version="1.0" encoding="UTF-8"?>
<testsuite xmlns:xsi="http://www.w3.org/2001/XMLSchema-instance" xsi:noNamespaceSchemaLocation="https://maven.apache.org/surefire/maven-surefire-plugin/xsd/surefire-test-report-3.0.xsd" version="3.0" name="org.example.AppTest" time="0.002" tests="1" errors="0" skipped="0" failures="0">
  <properties>
    <property name="gopherProxySet" value="false"/>
    <property name="awt.toolkit" value="sun.lwawt.macosx.LWCToolkit"/>
    <property name="java.specification.version" value="11"/>
    <property name="sun.cpu.isalist" value=""/>
    <property name="sun.jnu.encoding" value="UTF-8"/>
    <property name="java.class.path" value="/Users/ievgeniiasorochenko/AutomationTestingWeb/target/test-classes:/Users/ievgeniiasorochenko/AutomationTestingWeb/target/classes:/Users/ievgeniiasorochenko/.m2/repository/org/junit/jupiter/junit-jupiter-api/5.7.2/junit-jupiter-api-5.7.2.jar:/Users/ievgeniiasorochenko/.m2/repository/org/apiguardian/apiguardian-api/1.1.0/apiguardian-api-1.1.0.jar:/Users/ievgeniiasorochenko/.m2/repository/org/opentest4j/opentest4j/1.2.0/opentest4j-1.2.0.jar:/Users/ievgeniiasorochenko/.m2/repository/org/junit/platform/junit-platform-commons/1.7.2/junit-platform-commons-1.7.2.jar:/Users/ievgeniiasorochenko/.m2/repository/org/junit/jupiter/junit-jupiter-params/5.7.2/junit-jupiter-params-5.7.2.jar:/Users/ievgeniiasorochenko/.m2/repository/org/assertj/assertj-core/3.20.2/assertj-core-3.20.2.jar:/Users/ievgeniiasorochenko/.m2/repository/ch/qos/logback/logback-classic/1.2.5/logback-classic-1.2.5.jar:/Users/ievgeniiasorochenko/.m2/repository/ch/qos/logback/logback-core/1.2.5/logback-core-1.2.5.jar:/Users/ievgeniiasorochenko/.m2/repository/org/slf4j/slf4j-api/1.7.31/slf4j-api-1.7.31.jar:/Users/ievgeniiasorochenko/.m2/repository/org/seleniumhq/selenium/selenium-java/3.141.59/selenium-java-3.141.59.jar:/Users/ievgeniiasorochenko/.m2/repository/org/seleniumhq/selenium/selenium-api/3.141.59/selenium-api-3.141.59.jar:/Users/ievgeniiasorochenko/.m2/repository/org/seleniumhq/selenium/selenium-chrome-driver/3.141.59/selenium-chrome-driver-3.141.59.jar:/Users/ievgeniiasorochenko/.m2/repository/org/seleniumhq/selenium/selenium-edge-driver/3.141.59/selenium-edge-driver-3.141.59.jar:/Users/ievgeniiasorochenko/.m2/repository/org/seleniumhq/selenium/selenium-firefox-driver/3.141.59/selenium-firefox-driver-3.141.59.jar:/Users/ievgeniiasorochenko/.m2/repository/org/seleniumhq/selenium/selenium-ie-driver/3.141.59/selenium-ie-driver-3.141.59.jar:/Users/ievgeniiasorochenko/.m2/repository/org/seleniumhq/selenium/selenium-opera-driver/3.141.59/selenium-opera-driver-3.141.59.jar:/Users/ievgeniiasorochenko/.m2/repository/org/seleniumhq/selenium/selenium-remote-driver/3.141.59/selenium-remote-driver-3.141.59.jar:/Users/ievgeniiasorochenko/.m2/repository/org/seleniumhq/selenium/selenium-safari-driver/3.141.59/selenium-safari-driver-3.141.59.jar:/Users/ievgeniiasorochenko/.m2/repository/org/seleniumhq/selenium/selenium-support/3.141.59/selenium-support-3.141.59.jar:/Users/ievgeniiasorochenko/.m2/repository/net/bytebuddy/byte-buddy/1.8.15/byte-buddy-1.8.15.jar:/Users/ievgeniiasorochenko/.m2/repository/org/apache/commons/commons-exec/1.3/commons-exec-1.3.jar:/Users/ievgeniiasorochenko/.m2/repository/com/google/guava/guava/25.0-jre/guava-25.0-jre.jar:/Users/ievgeniiasorochenko/.m2/repository/com/google/code/findbugs/jsr305/1.3.9/jsr305-1.3.9.jar:/Users/ievgeniiasorochenko/.m2/repository/org/checkerframework/checker-compat-qual/2.0.0/checker-compat-qual-2.0.0.jar:/Users/ievgeniiasorochenko/.m2/repository/com/google/errorprone/error_prone_annotations/2.1.3/error_prone_annotations-2.1.3.jar:/Users/ievgeniiasorochenko/.m2/repository/com/google/j2objc/j2objc-annotations/1.1/j2objc-annotations-1.1.jar:/Users/ievgeniiasorochenko/.m2/repository/org/codehaus/mojo/animal-sniffer-annotations/1.14/animal-sniffer-annotations-1.14.jar:/Users/ievgeniiasorochenko/.m2/repository/com/squareup/okhttp3/okhttp/3.11.0/okhttp-3.11.0.jar:/Users/ievgeniiasorochenko/.m2/repository/com/squareup/okio/okio/1.14.0/okio-1.14.0.jar:/Users/ievgeniiasorochenko/.m2/repository/commons-io/commons-io/2.11.0/commons-io-2.11.0.jar:/Users/ievgeniiasorochenko/.m2/repository/io/github/bonigarcia/webdrivermanager/5.0.3/webdrivermanager-5.0.3.jar:/Users/ievgeniiasorochenko/.m2/repository/com/google/code/gson/gson/2.8.8/gson-2.8.8.jar:/Users/ievgeniiasorochenko/.m2/repository/org/jsoup/jsoup/1.14.2/jsoup-1.14.2.jar:/Users/ievgeniiasorochenko/.m2/repository/com/github/docker-java/docker-java/3.2.12/docker-java-3.2.12.jar:/Users/ievgeniiasorochenko/.m2/repository/com/github/docker-java/docker-java-core/3.2.12/docker-java-core-3.2.12.jar:/Users/ievgeniiasorochenko/.m2/repository/com/github/docker-java/docker-java-api/3.2.12/docker-java-api-3.2.12.jar:/Users/ievgeniiasorochenko/.m2/repository/com/fasterxml/jackson/core/jackson-annotations/2.10.3/jackson-annotations-2.10.3.jar:/Users/ievgeniiasorochenko/.m2/repository/org/apache/commons/commons-compress/1.21/commons-compress-1.21.jar:/Users/ievgeniiasorochenko/.m2/repository/commons-lang/commons-lang/2.6/commons-lang-2.6.jar:/Users/ievgeniiasorochenko/.m2/repository/com/fasterxml/jackson/core/jackson-databind/2.10.3/jackson-databind-2.10.3.jar:/Users/ievgeniiasorochenko/.m2/repository/org/bouncycastle/bcpkix-jdk15on/1.64/bcpkix-jdk15on-1.64.jar:/Users/ievgeniiasorochenko/.m2/repository/org/bouncycastle/bcprov-jdk15on/1.64/bcprov-jdk15on-1.64.jar:/Users/ievgeniiasorochenko/.m2/repository/org/slf4j/jcl-over-slf4j/1.7.30/jcl-over-slf4j-1.7.30.jar:/Users/ievgeniiasorochenko/.m2/repository/com/github/docker-java/docker-java-transport-httpclient5/3.2.12/docker-java-transport-httpclient5-3.2.12.jar:/Users/ievgeniiasorochenko/.m2/repository/com/github/docker-java/docker-java-transport/3.2.12/docker-java-transport-3.2.12.jar:/Users/ievgeniiasorochenko/.m2/repository/org/apache/httpcomponents/client5/httpclient5/5.0.3/httpclient5-5.0.3.jar:/Users/ievgeniiasorochenko/.m2/repository/org/apache/httpcomponents/core5/httpcore5/5.0.2/httpcore5-5.0.2.jar:/Users/ievgeniiasorochenko/.m2/repository/commons-codec/commons-codec/1.13/commons-codec-1.13.jar:/Users/ievgeniiasorochenko/.m2/repository/net/java/dev/jna/jna/5.8.0/jna-5.8.0.jar:/Users/ievgeniiasorochenko/.m2/repository/org/brotli/dec/0.1.2/dec-0.1.2.jar:/Users/ievgeniiasorochenko/.m2/repository/org/springframework/spring-core/5.3.4/spring-core-5.3.4.jar:/Users/ievgeniiasorochenko/.m2/repository/org/springframework/spring-jcl/5.3.4/spring-jcl-5.3.4.jar:/Users/ievgeniiasorochenko/.m2/repository/org/springdoc/springdoc-openapi-ui/1.5.11/springdoc-openapi-ui-1.5.11.jar:/Users/ievgeniiasorochenko/.m2/repository/org/springdoc/springdoc-openapi-webmvc-core/1.5.11/springdoc-openapi-webmvc-core-1.5.11.jar:/Users/ievgeniiasorochenko/.m2/repository/org/springdoc/springdoc-openapi-common/1.5.11/springdoc-openapi-common-1.5.11.jar:/Users/ievgeniiasorochenko/.m2/repository/org/springframework/boot/spring-boot-autoconfigure/2.5.5/spring-boot-autoconfigure-2.5.5.jar:/Users/ievgeniiasorochenko/.m2/repository/org/springframework/boot/spring-boot/2.5.5/spring-boot-2.5.5.jar:/Users/ievgeniiasorochenko/.m2/repository/org/springframework/spring-web/5.3.10/spring-web-5.3.10.jar:/Users/ievgeniiasorochenko/.m2/repository/io/swagger/core/v3/swagger-models/2.1.11/swagger-models-2.1.11.jar:/Users/ievgeniiasorochenko/.m2/repository/io/swagger/core/v3/swagger-annotations/2.1.11/swagger-annotations-2.1.11.jar:/Users/ievgeniiasorochenko/.m2/repository/io/swagger/core/v3/swagger-integration/2.1.11/swagger-integration-2.1.11.jar:/Users/ievgeniiasorochenko/.m2/repository/io/swagger/core/v3/swagger-core/2.1.11/swagger-core-2.1.11.jar:/Users/ievgeniiasorochenko/.m2/repository/jakarta/xml/bind/jakarta.xml.bind-api/2.3.2/jakarta.xml.bind-api-2.3.2.jar:/Users/ievgeniiasorochenko/.m2/repository/jakarta/activation/jakarta.activation-api/1.2.1/jakarta.activation-api-1.2.1.jar:/Users/ievgeniiasorochenko/.m2/repository/com/fasterxml/jackson/dataformat/jackson-dataformat-yaml/2.12.1/jackson-dataformat-yaml-2.12.1.jar:/Users/ievgeniiasorochenko/.m2/repository/org/yaml/snakeyaml/1.27/snakeyaml-1.27.jar:/Users/ievgeniiasorochenko/.m2/repository/com/fasterxml/jackson/datatype/jackson-datatype-jsr310/2.12.1/jackson-datatype-jsr310-2.12.1.jar:/Users/ievgeniiasorochenko/.m2/repository/jakarta/validation/jakarta.validation-api/2.0.2/jakarta.validation-api-2.0.2.jar:/Users/ievgeniiasorochenko/.m2/repository/io/github/classgraph/classgraph/4.8.69/classgraph-4.8.69.jar:/Users/ievgeniiasorochenko/.m2/repository/org/apache/commons/commons-lang3/3.12.0/commons-lang3-3.12.0.jar:/Users/ievgeniiasorochenko/.m2/repository/org/springframework/spring-webmvc/5.3.10/spring-webmvc-5.3.10.jar:/Users/ievgeniiasorochenko/.m2/repository/org/springframework/spring-aop/5.3.10/spring-aop-5.3.10.jar:/Users/ievgeniiasorochenko/.m2/repository/org/springframework/spring-beans/5.3.10/spring-beans-5.3.10.jar:/Users/ievgeniiasorochenko/.m2/repository/org/springframework/spring-context/5.3.10/spring-context-5.3.10.jar:/Users/ievgeniiasorochenko/.m2/repository/org/springframework/spring-expression/5.3.10/spring-expression-5.3.10.jar:/Users/ievgeniiasorochenko/.m2/repository/org/webjars/swagger-ui/3.52.3/swagger-ui-3.52.3.jar:/Users/ievgeniiasorochenko/.m2/repository/org/webjars/webjars-locator-core/0.45/webjars-locator-core-0.45.jar:/Users/ievgeniiasorochenko/.m2/repository/com/fasterxml/jackson/core/jackson-core/2.10.0/jackson-core-2.10.0.jar:"/>
    <property name="java.vm.vendor" value="Eclipse Foundation"/>
    <property name="sun.arch.data.model" value="64"/>
    <property name="java.vendor.url" value="https://adoptium.net/"/>
    <property name="user.timezone" value="America/New_York"/>
    <property name="java.vm.specification.version" value="11"/>
    <property name="os.name" value="Mac OS X"/>
    <property name="sun.java.launcher" value="SUN_STANDARD"/>
    <property name="user.country" value="DK"/>
    <property name="sun.boot.library.path" value="/Library/Java/JavaVirtualMachines/temurin-11.jdk/Contents/Home/lib"/>
    <property name="sun.java.command" value="/Users/ievgeniiasorochenko/AutomationTestingWeb/target/surefire/surefirebooter3188668689656062792.jar /Users/ievgeniiasorochenko/AutomationTestingWeb/target/surefire 2021-11-23T21-03-50_776-jvmRun1 surefire15800643508934131711tmp surefire_013089902353745126801tmp"/>
    <property name="http.nonProxyHosts" value="local, 169.254/16|*.local, 169.254/16"/>
    <property name="jdk.debug" value="release"/>
    <property name="surefire.test.class.path" value="/Users/ievgeniiasorochenko/AutomationTestingWeb/target/test-classes:/Users/ievgeniiasorochenko/AutomationTestingWeb/target/classes:/Users/ievgeniiasorochenko/.m2/repository/org/junit/jupiter/junit-jupiter-api/5.7.2/junit-jupiter-api-5.7.2.jar:/Users/ievgeniiasorochenko/.m2/repository/org/apiguardian/apiguardian-api/1.1.0/apiguardian-api-1.1.0.jar:/Users/ievgeniiasorochenko/.m2/repository/org/opentest4j/opentest4j/1.2.0/opentest4j-1.2.0.jar:/Users/ievgeniiasorochenko/.m2/repository/org/junit/platform/junit-platform-commons/1.7.2/junit-platform-commons-1.7.2.jar:/Users/ievgeniiasorochenko/.m2/repository/org/junit/jupiter/junit-jupiter-params/5.7.2/junit-jupiter-params-5.7.2.jar:/Users/ievgeniiasorochenko/.m2/repository/org/assertj/assertj-core/3.20.2/assertj-core-3.20.2.jar:/Users/ievgeniiasorochenko/.m2/repository/ch/qos/logback/logback-classic/1.2.5/logback-classic-1.2.5.jar:/Users/ievgeniiasorochenko/.m2/repository/ch/qos/logback/logback-core/1.2.5/logback-core-1.2.5.jar:/Users/ievgeniiasorochenko/.m2/repository/org/slf4j/slf4j-api/1.7.31/slf4j-api-1.7.31.jar:/Users/ievgeniiasorochenko/.m2/repository/org/seleniumhq/selenium/selenium-java/3.141.59/selenium-java-3.141.59.jar:/Users/ievgeniiasorochenko/.m2/repository/org/seleniumhq/selenium/selenium-api/3.141.59/selenium-api-3.141.59.jar:/Users/ievgeniiasorochenko/.m2/repository/org/seleniumhq/selenium/selenium-chrome-driver/3.141.59/selenium-chrome-driver-3.141.59.jar:/Users/ievgeniiasorochenko/.m2/repository/org/seleniumhq/selenium/selenium-edge-driver/3.141.59/selenium-edge-driver-3.141.59.jar:/Users/ievgeniiasorochenko/.m2/repository/org/seleniumhq/selenium/selenium-firefox-driver/3.141.59/selenium-firefox-driver-3.141.59.jar:/Users/ievgeniiasorochenko/.m2/repository/org/seleniumhq/selenium/selenium-ie-driver/3.141.59/selenium-ie-driver-3.141.59.jar:/Users/ievgeniiasorochenko/.m2/repository/org/seleniumhq/selenium/selenium-opera-driver/3.141.59/selenium-opera-driver-3.141.59.jar:/Users/ievgeniiasorochenko/.m2/repository/org/seleniumhq/selenium/selenium-remote-driver/3.141.59/selenium-remote-driver-3.141.59.jar:/Users/ievgeniiasorochenko/.m2/repository/org/seleniumhq/selenium/selenium-safari-driver/3.141.59/selenium-safari-driver-3.141.59.jar:/Users/ievgeniiasorochenko/.m2/repository/org/seleniumhq/selenium/selenium-support/3.141.59/selenium-support-3.141.59.jar:/Users/ievgeniiasorochenko/.m2/repository/net/bytebuddy/byte-buddy/1.8.15/byte-buddy-1.8.15.jar:/Users/ievgeniiasorochenko/.m2/repository/org/apache/commons/commons-exec/1.3/commons-exec-1.3.jar:/Users/ievgeniiasorochenko/.m2/repository/com/google/guava/guava/25.0-jre/guava-25.0-jre.jar:/Users/ievgeniiasorochenko/.m2/repository/com/google/code/findbugs/jsr305/1.3.9/jsr305-1.3.9.jar:/Users/ievgeniiasorochenko/.m2/repository/org/checkerframework/checker-compat-qual/2.0.0/checker-compat-qual-2.0.0.jar:/Users/ievgeniiasorochenko/.m2/repository/com/google/errorprone/error_prone_annotations/2.1.3/error_prone_annotations-2.1.3.jar:/Users/ievgeniiasorochenko/.m2/repository/com/google/j2objc/j2objc-annotations/1.1/j2objc-annotations-1.1.jar:/Users/ievgeniiasorochenko/.m2/repository/org/codehaus/mojo/animal-sniffer-annotations/1.14/animal-sniffer-annotations-1.14.jar:/Users/ievgeniiasorochenko/.m2/repository/com/squareup/okhttp3/okhttp/3.11.0/okhttp-3.11.0.jar:/Users/ievgeniiasorochenko/.m2/repository/com/squareup/okio/okio/1.14.0/okio-1.14.0.jar:/Users/ievgeniiasorochenko/.m2/repository/commons-io/commons-io/2.11.0/commons-io-2.11.0.jar:/Users/ievgeniiasorochenko/.m2/repository/io/github/bonigarcia/webdrivermanager/5.0.3/webdrivermanager-5.0.3.jar:/Users/ievgeniiasorochenko/.m2/repository/com/google/code/gson/gson/2.8.8/gson-2.8.8.jar:/Users/ievgeniiasorochenko/.m2/repository/org/jsoup/jsoup/1.14.2/jsoup-1.14.2.jar:/Users/ievgeniiasorochenko/.m2/repository/com/github/docker-java/docker-java/3.2.12/docker-java-3.2.12.jar:/Users/ievgeniiasorochenko/.m2/repository/com/github/docker-java/docker-java-core/3.2.12/docker-java-core-3.2.12.jar:/Users/ievgeniiasorochenko/.m2/repository/com/github/docker-java/docker-java-api/3.2.12/docker-java-api-3.2.12.jar:/Users/ievgeniiasorochenko/.m2/repository/com/fasterxml/jackson/core/jackson-annotations/2.10.3/jackson-annotations-2.10.3.jar:/Users/ievgeniiasorochenko/.m2/repository/org/apache/commons/commons-compress/1.21/commons-compress-1.21.jar:/Users/ievgeniiasorochenko/.m2/repository/commons-lang/commons-lang/2.6/commons-lang-2.6.jar:/Users/ievgeniiasorochenko/.m2/repository/com/fasterxml/jackson/core/jackson-databind/2.10.3/jackson-databind-2.10.3.jar:/Users/ievgeniiasorochenko/.m2/repository/org/bouncycastle/bcpkix-jdk15on/1.64/bcpkix-jdk15on-1.64.jar:/Users/ievgeniiasorochenko/.m2/repository/org/bouncycastle/bcprov-jdk15on/1.64/bcprov-jdk15on-1.64.jar:/Users/ievgeniiasorochenko/.m2/repository/org/slf4j/jcl-over-slf4j/1.7.30/jcl-over-slf4j-1.7.30.jar:/Users/ievgeniiasorochenko/.m2/repository/com/github/docker-java/docker-java-transport-httpclient5/3.2.12/docker-java-transport-httpclient5-3.2.12.jar:/Users/ievgeniiasorochenko/.m2/repository/com/github/docker-java/docker-java-transport/3.2.12/docker-java-transport-3.2.12.jar:/Users/ievgeniiasorochenko/.m2/repository/org/apache/httpcomponents/client5/httpclient5/5.0.3/httpclient5-5.0.3.jar:/Users/ievgeniiasorochenko/.m2/repository/org/apache/httpcomponents/core5/httpcore5/5.0.2/httpcore5-5.0.2.jar:/Users/ievgeniiasorochenko/.m2/repository/commons-codec/commons-codec/1.13/commons-codec-1.13.jar:/Users/ievgeniiasorochenko/.m2/repository/net/java/dev/jna/jna/5.8.0/jna-5.8.0.jar:/Users/ievgeniiasorochenko/.m2/repository/org/brotli/dec/0.1.2/dec-0.1.2.jar:/Users/ievgeniiasorochenko/.m2/repository/org/springframework/spring-core/5.3.4/spring-core-5.3.4.jar:/Users/ievgeniiasorochenko/.m2/repository/org/springframework/spring-jcl/5.3.4/spring-jcl-5.3.4.jar:/Users/ievgeniiasorochenko/.m2/repository/org/springdoc/springdoc-openapi-ui/1.5.11/springdoc-openapi-ui-1.5.11.jar:/Users/ievgeniiasorochenko/.m2/repository/org/springdoc/springdoc-openapi-webmvc-core/1.5.11/springdoc-openapi-webmvc-core-1.5.11.jar:/Users/ievgeniiasorochenko/.m2/repository/org/springdoc/springdoc-openapi-common/1.5.11/springdoc-openapi-common-1.5.11.jar:/Users/ievgeniiasorochenko/.m2/repository/org/springframework/boot/spring-boot-autoconfigure/2.5.5/spring-boot-autoconfigure-2.5.5.jar:/Users/ievgeniiasorochenko/.m2/repository/org/springframework/boot/spring-boot/2.5.5/spring-boot-2.5.5.jar:/Users/ievgeniiasorochenko/.m2/repository/org/springframework/spring-web/5.3.10/spring-web-5.3.10.jar:/Users/ievgeniiasorochenko/.m2/repository/io/swagger/core/v3/swagger-models/2.1.11/swagger-models-2.1.11.jar:/Users/ievgeniiasorochenko/.m2/repository/io/swagger/core/v3/swagger-annotations/2.1.11/swagger-annotations-2.1.11.jar:/Users/ievgeniiasorochenko/.m2/repository/io/swagger/core/v3/swagger-integration/2.1.11/swagger-integration-2.1.11.jar:/Users/ievgeniiasorochenko/.m2/repository/io/swagger/core/v3/swagger-core/2.1.11/swagger-core-2.1.11.jar:/Users/ievgeniiasorochenko/.m2/repository/jakarta/xml/bind/jakarta.xml.bind-api/2.3.2/jakarta.xml.bind-api-2.3.2.jar:/Users/ievgeniiasorochenko/.m2/repository/jakarta/activation/jakarta.activation-api/1.2.1/jakarta.activation-api-1.2.1.jar:/Users/ievgeniiasorochenko/.m2/repository/com/fasterxml/jackson/dataformat/jackson-dataformat-yaml/2.12.1/jackson-dataformat-yaml-2.12.1.jar:/Users/ievgeniiasorochenko/.m2/repository/org/yaml/snakeyaml/1.27/snakeyaml-1.27.jar:/Users/ievgeniiasorochenko/.m2/repository/com/fasterxml/jackson/datatype/jackson-datatype-jsr310/2.12.1/jackson-datatype-jsr310-2.12.1.jar:/Users/ievgeniiasorochenko/.m2/repository/jakarta/validation/jakarta.validation-api/2.0.2/jakarta.validation-api-2.0.2.jar:/Users/ievgeniiasorochenko/.m2/repository/io/github/classgraph/classgraph/4.8.69/classgraph-4.8.69.jar:/Users/ievgeniiasorochenko/.m2/repository/org/apache/commons/commons-lang3/3.12.0/commons-lang3-3.12.0.jar:/Users/ievgeniiasorochenko/.m2/repository/org/springframework/spring-webmvc/5.3.10/spring-webmvc-5.3.10.jar:/Users/ievgeniiasorochenko/.m2/repository/org/springframework/spring-aop/5.3.10/spring-aop-5.3.10.jar:/Users/ievgeniiasorochenko/.m2/repository/org/springframework/spring-beans/5.3.10/spring-beans-5.3.10.jar:/Users/ievgeniiasorochenko/.m2/repository/org/springframework/spring-context/5.3.10/spring-context-5.3.10.jar:/Users/ievgeniiasorochenko/.m2/repository/org/springframework/spring-expression/5.3.10/spring-expression-5.3.10.jar:/Users/ievgeniiasorochenko/.m2/repository/org/webjars/swagger-ui/3.52.3/swagger-ui-3.52.3.jar:/Users/ievgeniiasorochenko/.m2/repository/org/webjars/webjars-locator-core/0.45/webjars-locator-core-0.45.jar:/Users/ievgeniiasorochenko/.m2/repository/com/fasterxml/jackson/core/jackson-core/2.10.0/jackson-core-2.10.0.jar:"/>
    <property name="sun.cpu.endian" value="little"/>
    <property name="user.home" value="/Users/ievgeniiasorochenko"/>
    <property name="user.language" value="en"/>
    <property name="java.specification.vendor" value="Oracle Corporation"/>
    <property name="java.version.date" value="2021-07-20"/>
    <property name="java.home" value="/Library/Java/JavaVirtualMachines/temurin-11.jdk/Contents/Home"/>
    <property name="file.separator" value="/"/>
    <property name="basedir" value="/Users/ievgeniiasorochenko/AutomationTestingWeb"/>
    <property name="java.vm.compressedOopsMode" value="Zero based"/>
    <property name="line.separator" value="&#10;"/>
    <property name="java.specification.name" value="Java Platform API Specification"/>
    <property name="java.vm.specification.vendor" value="Oracle Corporation"/>
    <property name="java.awt.graphicsenv" value="sun.awt.CGraphicsEnvironment"/>
    <property name="surefire.real.class.path" value="/Users/ievgeniiasorochenko/AutomationTestingWeb/target/surefire/surefirebooter3188668689656062792.jar"/>
    <property name="sun.management.compiler" value="HotSpot 64-Bit Tiered Compilers"/>
    <property name="ftp.nonProxyHosts" value="local, 169.254/16|*.local, 169.254/16"/>
    <property name="java.runtime.version" value="11.0.12+7"/>
    <property name="user.name" value="ievgeniiasorochenko"/>
    <property name="path.separator" value=":"/>
    <property name="os.version" value="10.16"/>
    <property name="java.runtime.name" value="OpenJDK Runtime Environment"/>
    <property name="file.encoding" value="US-ASCII"/>
    <property name="java.vm.name" value="OpenJDK 64-Bit Server VM"/>
    <property name="java.vendor.version" value="Temurin-11.0.12+7"/>
    <property name="localRepository" value="/Users/ievgeniiasorochenko/.m2/repository"/>
    <property name="java.vendor.url.bug" value="https://github.com/adoptium/adoptium-support/issues"/>
    <property name="java.io.tmpdir" value="/var/folders/pw/0m7qxcls64v7z96n7vvhc06h0000gn/T/"/>
    <property name="idea.version" value="2021.2.3"/>
    <property name="java.version" value="11.0.12"/>
    <property name="user.dir" value="/Users/ievgeniiasorochenko/AutomationTestingWeb"/>
    <property name="os.arch" value="x86_64"/>
    <property name="java.vm.specification.name" value="Java Virtual Machine Specification"/>
    <property name="java.awt.printerjob" value="sun.lwawt.macosx.CPrinterJob"/>
    <property name="sun.os.patch.level" value="unknown"/>
    <property name="java.library.path" value="/Users/ievgeniiasorochenko/Library/Java/Extensions:/Library/Java/Extensions:/Network/Library/Java/Extensions:/System/Library/Java/Extensions:/usr/lib/java:."/>
    <property name="java.vm.info" value="mixed mode"/>
    <property name="java.vendor" value="Eclipse Foundation"/>
    <property name="java.vm.version" value="11.0.12+7"/>
    <property name="sun.io.unicode.encoding" value="UnicodeBig"/>
    <property name="java.class.version" value="55.0"/>
    <property name="socksNonProxyHosts" value="local, 169.254/16|*.local, 169.254/16"/>
  </properties>
  <testcase name="shouldAnswerWithTrue" classname="org.example.AppTest" time="0"/>
</testsuite>